<?xml version="1.0" encoding="UTF-8"?>
<!-- Generated by org.testng.reporters.JUnitXMLReporter -->
<testsuite ignored="2" hostname="LAPTOP-H4MNKU5B" failures="0" tests="3" name="Test" time="0.082" errors="0" timestamp="2022-03-31T13:20:20 IST">
  <testcase classname="com.crm.comcast.SDET32.GenericLibrary.BaseClass" name="@BeforeClass bcConfig" time="-1.648713020828E9">
    <failure type="org.testng.TestNGException" message="
Parameter &amp;apos;browser&amp;apos; is required by BeforeClass on method bcConfig but has not been marked @Optional or defined
in C:\Users\supriya\eclipse-workspace101\com.crm.comcast.SDET32\Listener_Implementation_test_testng.xml">
      <![CDATA[org.testng.TestNGException: 
Parameter 'browser' is required by BeforeClass on method bcConfig but has not been marked @Optional or defined
in C:\Users\supriya\eclipse-workspace101\com.crm.comcast.SDET32\Listener_Implementation_test_testng.xml
at java.base/java.util.ArrayList.forEach(ArrayList.java:1507)
... Removed 22 stack frames]]>
    </failure>
  </testcase> <!-- @BeforeClass bcConfig -->
  <testcase classname="com.crm.comcast.SDET32.GenericLibrary.BaseClass" name="@BeforeMethod bmConfig" time="-1.648713020851E9">
    <skipped/>
  </testcase> <!-- @BeforeMethod bmConfig -->
  <testcase classname="com.crm.comcast.SDET32.GenericLibrary.BaseClass" name="@AfterMethod amConfig" time="-1.648713020858E9">
    <skipped/>
  </testcase> <!-- @AfterMethod amConfig -->
  <testcase classname="com.crm.comcast.SDET32.GenericLibrary.BaseClass" name="@BeforeMethod bmConfig" time="-1.648713020864E9">
    <skipped/>
  </testcase> <!-- @BeforeMethod bmConfig -->
  <testcase classname="com.crm.comcast.SDET32.GenericLibrary.BaseClass" name="@AfterMethod amConfig" time="-1.64871302087E9">
    <skipped/>
  </testcase> <!-- @AfterMethod amConfig -->
  <testcase classname="com.crm.comcast.SDET32.GenericLibrary.BaseClass" name="@AfterClass acConfig" time="-1.648713020873E9">
    <skipped/>
  </testcase> <!-- @AfterClass acConfig -->
  <testcase classname="com.crm.comcast.SDET32.GenericLibrary.BaseClass" name="@BeforeClass bcConfig" time="-1.648713020878E9">
    <failure type="org.testng.TestNGException" message="
Parameter &amp;apos;browser&amp;apos; is required by BeforeClass on method bcConfig but has not been marked @Optional or defined
in C:\Users\supriya\eclipse-workspace101\com.crm.comcast.SDET32\Listener_Implementation_test_testng.xml">
      <![CDATA[org.testng.TestNGException: 
Parameter 'browser' is required by BeforeClass on method bcConfig but has not been marked @Optional or defined
in C:\Users\supriya\eclipse-workspace101\com.crm.comcast.SDET32\Listener_Implementation_test_testng.xml
at java.base/java.util.ArrayList.forEach(ArrayList.java:1507)
... Removed 22 stack frames]]>
    </failure>
  </testcase> <!-- @BeforeClass bcConfig -->
  <testcase classname="com.crm.comcast.SDET32.GenericLibrary.BaseClass" name="@BeforeMethod bmConfig" time="-1.648713020882E9">
    <skipped/>
  </testcase> <!-- @BeforeMethod bmConfig -->
  <testcase classname="com.crm.comcast.SDET32.GenericLibrary.BaseClass" name="@AfterMethod amConfig" time="-1.64871302089E9">
    <skipped/>
  </testcase> <!-- @AfterMethod amConfig -->
  <testcase classname="com.crm.comcast.SDET32.GenericLibrary.BaseClass" name="@AfterClass acConfig" time="-1.648713020891E9">
    <skipped/>
  </testcase> <!-- @AfterClass acConfig -->
  <testcase classname="com.crm.comcast.SDET32.BasicTest.CreateOrganizationTest" name="createOrganizationTest" time="0.0">
    <skipped/>
  </testcase> <!-- createOrganizationTest -->
  <testcase classname="com.crm.comcast.SDET32.BasicTest.CreateOrganizationTest" name="demoTest" time="0.0">
    <skipped/>
  </testcase> <!-- demoTest -->
  <testcase classname="com.crm.comcast.SDET32.BasicTest.CreateOpportunity" name="createOpportunity" time="0.0">
    <skipped/>
  </testcase> <!-- createOpportunity -->
  <testcase classname="com.crm.comcast.SDET32.GenericLibrary.BaseClass" name="@BeforeSuite bsConfig" time="0.0">
    <ignored/>
  </testcase> <!-- @BeforeSuite bsConfig -->
  <testcase classname="com.crm.comcast.SDET32.GenericLibrary.BaseClass" name="@AfterSuite asConfig" time="0.0">
    <ignored/>
  </testcase> <!-- @AfterSuite asConfig -->
</testsuite> <!-- Test -->
